<?xml version="1.0" encoding="UTF-8"?>
<!-- Generated by org.testng.reporters.JUnitReportReporter -->
<testsuite hostname="Yogesh-HP" failures="0" tests="1" name="com.Test.Test_1" time="5.893" errors="0" timestamp="2023-03-08T08:40:57 IST" skipped="0">
  <testcase classname="com.Test.Test_1" name="verify_loginpage" time="5.893"/>
  <system-out/>
</testsuite> <!-- com.Test.Test_1 -->
